<?xml version="1.0" encoding="UTF-8"?>
<!-- Generated by org.testng.reporters.JUnitXMLReporter -->
<testsuite ignored="4" hostname="DESKTOP-6AQI6HB" failures="0" tests="1" name="Para bank e2e test" time="15.339" errors="0" timestamp="17 May 2020 18:52:00 GMT">
  <testcase classname="ParaBankPS.TestCases" name="findTransaction" time="0.0">
    <skipped/>
  </testcase> <!-- findTransaction -->
  <testcase classname="ParaBankPS.TestCases" name="updateContact" time="0.0">
    <ignored/>
  </testcase> <!-- updateContact -->
  <testcase classname="ParaBankPS.TestCases" name="billPayment" time="0.0">
    <ignored/>
  </testcase> <!-- billPayment -->
  <testcase classname="ParaBankPS.TestCases" name="openNewAccount" time="0.0">
    <ignored/>
  </testcase> <!-- openNewAccount -->
  <testcase classname="ParaBankPS.TestCases" name="transferFunds" time="0.0">
    <ignored/>
  </testcase> <!-- transferFunds -->
</testsuite> <!-- Para bank e2e test -->
